[ 2016-11-27T11:14:29+08:00 ] 69.181.221.197 /projects/dbviewer/index.php/Home/Index/login.html
INFO: [ app_init ] --START--
INFO: Run Behavior\BuildLiteBehavior [ RunTime:0.000017s ]
INFO: [ app_init ] --END-- [ RunTime:0.000144s ]
INFO: [ app_begin ] --START--
INFO: Run Behavior\ReadHtmlCacheBehavior [ RunTime:0.000085s ]
INFO: [ app_begin ] --END-- [ RunTime:0.000195s ]
NOTIC: [8] Undefined index: pin /var/www/projects/dbviewer/Application/Home/Controller/IndexController.class.php 第 16 行.
INFO: [ view_parse ] --START--
INFO: [ template_filter ] --START--
INFO: Run Behavior\ContentReplaceBehavior [ RunTime:0.000064s ]
INFO: [ template_filter ] --END-- [ RunTime:0.000182s ]
NOTIC: [2] file_put_contents(./Runtime/Cache/Home/ccea6a400660ce54d68cab67b9f68781.php): failed to open stream: Permission denied /var/www/vendor/topthink/thinkphp/ThinkPHP/Library/Think/Storage/Driver/File.class.php 第 53 行.
ERR: _STORAGE_WRITE_ERROR_:./Runtime/Cache/Home/ccea6a400660ce54d68cab67b9f68781.php

[ 2016-11-27T11:14:31+08:00 ] 69.181.221.197 /projects/dbviewer/index.php/Home/Index/login.html
INFO: [ app_init ] --START--
INFO: Run Behavior\BuildLiteBehavior [ RunTime:0.000030s ]
INFO: [ app_init ] --END-- [ RunTime:0.000218s ]
INFO: [ app_begin ] --START--
INFO: Run Behavior\ReadHtmlCacheBehavior [ RunTime:0.000074s ]
INFO: [ app_begin ] --END-- [ RunTime:0.000178s ]
NOTIC: [8] Undefined index: pin /var/www/projects/dbviewer/Application/Home/Controller/IndexController.class.php 第 16 行.
INFO: [ view_parse ] --START--
INFO: [ template_filter ] --START--
INFO: Run Behavior\ContentReplaceBehavior [ RunTime:0.000061s ]
INFO: [ template_filter ] --END-- [ RunTime:0.000170s ]
NOTIC: [2] file_put_contents(./Runtime/Cache/Home/ccea6a400660ce54d68cab67b9f68781.php): failed to open stream: Permission denied /var/www/vendor/topthink/thinkphp/ThinkPHP/Library/Think/Storage/Driver/File.class.php 第 53 行.
ERR: _STORAGE_WRITE_ERROR_:./Runtime/Cache/Home/ccea6a400660ce54d68cab67b9f68781.php

[ 2016-11-27T11:14:45+08:00 ] 69.181.221.197 /projects/dbviewer/index.php/Home/Index/login.html
INFO: [ app_init ] --START--
INFO: Run Behavior\BuildLiteBehavior [ RunTime:0.000031s ]
INFO: [ app_init ] --END-- [ RunTime:0.000254s ]
INFO: [ app_begin ] --START--
INFO: Run Behavior\ReadHtmlCacheBehavior [ RunTime:0.000087s ]
INFO: [ app_begin ] --END-- [ RunTime:0.000198s ]
NOTIC: [8] Undefined index: pin /var/www/projects/dbviewer/Application/Home/Controller/IndexController.class.php 第 16 行.
INFO: [ view_parse ] --START--
INFO: [ template_filter ] --START--
INFO: Run Behavior\ContentReplaceBehavior [ RunTime:0.000066s ]
INFO: [ template_filter ] --END-- [ RunTime:0.000183s ]
NOTIC: [2] file_put_contents(./Runtime/Cache/Home/ccea6a400660ce54d68cab67b9f68781.php): failed to open stream: Permission denied /var/www/vendor/topthink/thinkphp/ThinkPHP/Library/Think/Storage/Driver/File.class.php 第 53 行.
ERR: _STORAGE_WRITE_ERROR_:./Runtime/Cache/Home/ccea6a400660ce54d68cab67b9f68781.php

[ 2016-11-27T11:15:50+08:00 ] 69.181.221.197 /projects/dbviewer/index.php/Home/Index/login.html
INFO: [ app_init ] --START--
INFO: Run Behavior\BuildLiteBehavior [ RunTime:0.000031s ]
INFO: [ app_init ] --END-- [ RunTime:0.000253s ]
INFO: [ app_begin ] --START--
INFO: Run Behavior\ReadHtmlCacheBehavior [ RunTime:0.000157s ]
INFO: [ app_begin ] --END-- [ RunTime:0.000270s ]
NOTIC: [8] Undefined index: pin /var/www/projects/dbviewer/Application/Home/Controller/IndexController.class.php 第 16 行.
INFO: [ view_parse ] --START--
INFO: [ template_filter ] --START--
INFO: Run Behavior\ContentReplaceBehavior [ RunTime:0.000063s ]
INFO: [ template_filter ] --END-- [ RunTime:0.000174s ]
INFO: Run Behavior\ParseTemplateBehavior [ RunTime:0.007367s ]
INFO: [ view_parse ] --END-- [ RunTime:0.007635s ]
INFO: [ view_filter ] --START--
INFO: Run Behavior\WriteHtmlCacheBehavior [ RunTime:0.000217s ]
INFO: [ view_filter ] --END-- [ RunTime:0.000283s ]
INFO: [ app_end ] --START--
INFO: Run Behavior\ShowPageTraceBehavior [ RunTime:0.000082s ]
INFO: [ app_end ] --END-- [ RunTime:0.000145s ]

[ 2016-11-27T11:15:54+08:00 ] 69.181.221.197 /projects/dbviewer/index.php/Home/Index/login.html
INFO: [ app_init ] --START--
INFO: Run Behavior\BuildLiteBehavior [ RunTime:0.000016s ]
INFO: [ app_init ] --END-- [ RunTime:0.000134s ]
INFO: [ app_begin ] --START--
INFO: Run Behavior\ReadHtmlCacheBehavior [ RunTime:0.000042s ]
INFO: [ app_begin ] --END-- [ RunTime:0.000098s ]

[ 2016-11-27T11:15:54+08:00 ] 69.181.221.197 /projects/dbviewer/index.php/Home/Index/index.html
INFO: [ app_init ] --START--
INFO: Run Behavior\BuildLiteBehavior [ RunTime:0.000015s ]
INFO: [ app_init ] --END-- [ RunTime:0.000098s ]
INFO: [ app_begin ] --START--
INFO: Run Behavior\ReadHtmlCacheBehavior [ RunTime:0.000037s ]
INFO: [ app_begin ] --END-- [ RunTime:0.000089s ]
INFO: [ view_parse ] --START--
INFO: [ template_filter ] --START--
INFO: Run Behavior\ContentReplaceBehavior [ RunTime:0.000101s ]
INFO: [ template_filter ] --END-- [ RunTime:0.000165s ]
SQL: SHOW TABLES  [ RunTime:0.0029s ]
NOTIC: [8] Undefined index: table /var/www/projects/dbviewer/Runtime/Cache/Home/2a94b8bda04ff446dcedd42276fc99ee.php 第 48 行.
INFO: Run Behavior\ParseTemplateBehavior [ RunTime:0.035186s ]
INFO: [ view_parse ] --END-- [ RunTime:0.035281s ]
INFO: [ view_filter ] --START--
INFO: Run Behavior\WriteHtmlCacheBehavior [ RunTime:0.000233s ]
INFO: [ view_filter ] --END-- [ RunTime:0.000332s ]
INFO: [ app_end ] --START--
INFO: Run Behavior\ShowPageTraceBehavior [ RunTime:0.000131s ]
INFO: [ app_end ] --END-- [ RunTime:0.000235s ]

[ 2016-11-27T11:16:08+08:00 ] 69.181.221.197 /projects/dbviewer/index.php/Home/Index/index.html?table=activity
INFO: [ app_init ] --START--
INFO: Run Behavior\BuildLiteBehavior [ RunTime:0.000018s ]
INFO: [ app_init ] --END-- [ RunTime:0.000142s ]
INFO: [ app_begin ] --START--
INFO: Run Behavior\ReadHtmlCacheBehavior [ RunTime:0.000056s ]
INFO: [ app_begin ] --END-- [ RunTime:0.000113s ]
INFO: [ view_parse ] --START--
INFO: [ template_filter ] --START--
INFO: Run Behavior\ContentReplaceBehavior [ RunTime:0.000047s ]
INFO: [ template_filter ] --END-- [ RunTime:0.000105s ]
SQL: SHOW TABLES  [ RunTime:0.0005s ]
SQL: SHOW COLUMNS FROM `activity` [ RunTime:0.0010s ]
SQL: SELECT * FROM `activity`  [ RunTime:0.0021s ]
INFO: Run Behavior\ParseTemplateBehavior [ RunTime:0.009953s ]
INFO: [ view_parse ] --END-- [ RunTime:0.010014s ]
INFO: [ view_filter ] --START--
INFO: Run Behavior\WriteHtmlCacheBehavior [ RunTime:0.000067s ]
INFO: [ view_filter ] --END-- [ RunTime:0.000117s ]
INFO: [ app_end ] --START--
INFO: Run Behavior\ShowPageTraceBehavior [ RunTime:0.000053s ]
INFO: [ app_end ] --END-- [ RunTime:0.000105s ]

[ 2016-11-27T11:16:10+08:00 ] 69.181.221.197 /projects/dbviewer/index.php/Home/Index/index.html?table=banner
INFO: [ app_init ] --START--
INFO: Run Behavior\BuildLiteBehavior [ RunTime:0.000029s ]
INFO: [ app_init ] --END-- [ RunTime:0.000191s ]
INFO: [ app_begin ] --START--
INFO: Run Behavior\ReadHtmlCacheBehavior [ RunTime:0.000074s ]
INFO: [ app_begin ] --END-- [ RunTime:0.000319s ]
INFO: [ view_parse ] --START--
INFO: [ template_filter ] --START--
INFO: Run Behavior\ContentReplaceBehavior [ RunTime:0.000126s ]
INFO: [ template_filter ] --END-- [ RunTime:0.000284s ]
SQL: SHOW TABLES  [ RunTime:0.0008s ]
SQL: SHOW COLUMNS FROM `banner` [ RunTime:0.0007s ]
SQL: SELECT * FROM `banner`  [ RunTime:0.0006s ]
INFO: Run Behavior\ParseTemplateBehavior [ RunTime:0.008414s ]
INFO: [ view_parse ] --END-- [ RunTime:0.008527s ]
INFO: [ view_filter ] --START--
INFO: Run Behavior\WriteHtmlCacheBehavior [ RunTime:0.000138s ]
INFO: [ view_filter ] --END-- [ RunTime:0.000273s ]
INFO: [ app_end ] --START--
INFO: Run Behavior\ShowPageTraceBehavior [ RunTime:0.000086s ]
INFO: [ app_end ] --END-- [ RunTime:0.000197s ]

